{"C:\\Users\\Usuario\\Desktop\\fullstack\\fullstackopen-part4\\app.js": {"path":"C:\\Users\\Usuario\\Desktop\\fullstack\\fullstackopen-part4\\app.js","statementMap":{"0":{"start":{"line":1,"column":15},"end":{"line":1,"column":40}},"1":{"start":{"line":2,"column":16},"end":{"line":2,"column":34}},"2":{"start":{"line":3,"column":0},"end":{"line":3,"column":31}},"3":{"start":{"line":4,"column":12},"end":{"line":4,"column":21}},"4":{"start":{"line":5,"column":13},"end":{"line":5,"column":28}},"5":{"start":{"line":6,"column":20},"end":{"line":6,"column":50}},"6":{"start":{"line":7,"column":20},"end":{"line":7,"column":50}},"7":{"start":{"line":8,"column":19},"end":{"line":8,"column":48}},"8":{"start":{"line":9,"column":15},"end":{"line":9,"column":40}},"9":{"start":{"line":10,"column":20},"end":{"line":10,"column":50}},"10":{"start":{"line":11,"column":17},"end":{"line":11,"column":36}},"11":{"start":{"line":14,"column":0},"end":{"line":20,"column":6}},"12":{"start":{"line":16,"column":8},"end":{"line":16,"column":43}},"13":{"start":{"line":19,"column":8},"end":{"line":19,"column":67}},"14":{"start":{"line":22,"column":0},"end":{"line":22,"column":15}},"15":{"start":{"line":23,"column":0},"end":{"line":23,"column":32}},"16":{"start":{"line":24,"column":0},"end":{"line":24,"column":23}},"17":{"start":{"line":25,"column":0},"end":{"line":25,"column":33}},"18":{"start":{"line":27,"column":0},"end":{"line":27,"column":34}},"19":{"start":{"line":28,"column":0},"end":{"line":28,"column":34}},"20":{"start":{"line":29,"column":0},"end":{"line":29,"column":34}},"21":{"start":{"line":31,"column":0},"end":{"line":31,"column":35}},"22":{"start":{"line":32,"column":0},"end":{"line":32,"column":32}},"23":{"start":{"line":34,"column":0},"end":{"line":34,"column":20}}},"fnMap":{"0":{"name":"(anonymous_0)","decl":{"start":{"line":15,"column":10},"end":{"line":15,"column":11}},"loc":{"start":{"line":15,"column":16},"end":{"line":17,"column":5}},"line":15},"1":{"name":"(anonymous_1)","decl":{"start":{"line":18,"column":11},"end":{"line":18,"column":12}},"loc":{"start":{"line":18,"column":22},"end":{"line":20,"column":5}},"line":18}},"branchMap":{},"s":{"0":2,"1":2,"2":2,"3":2,"4":2,"5":2,"6":2,"7":2,"8":2,"9":2,"10":2,"11":2,"12":2,"13":0,"14":2,"15":2,"16":2,"17":2,"18":2,"19":2,"20":2,"21":2,"22":2,"23":2},"f":{"0":2,"1":0},"b":{},"_coverageSchema":"1a1c01bbd47fc00a2c39e90264f33305004495a9","hash":"aa2e87f947b6e4848a1cae5f07243f48f13623ed"}
,"C:\\Users\\Usuario\\Desktop\\fullstack\\fullstackopen-part4\\controllers\\blogs.js": {"path":"C:\\Users\\Usuario\\Desktop\\fullstack\\fullstackopen-part4\\controllers\\blogs.js","statementMap":{"0":{"start":{"line":1,"column":20},"end":{"line":1,"column":47}},"1":{"start":{"line":2,"column":23},"end":{"line":2,"column":68}},"2":{"start":{"line":4,"column":13},"end":{"line":4,"column":39}},"3":{"start":{"line":5,"column":13},"end":{"line":5,"column":39}},"4":{"start":{"line":10,"column":0},"end":{"line":13,"column":2}},"5":{"start":{"line":11,"column":17},"end":{"line":11,"column":79}},"6":{"start":{"line":12,"column":4},"end":{"line":12,"column":23}},"7":{"start":{"line":15,"column":0},"end":{"line":22,"column":2}},"8":{"start":{"line":16,"column":17},"end":{"line":16,"column":55}},"9":{"start":{"line":17,"column":4},"end":{"line":21,"column":5}},"10":{"start":{"line":18,"column":8},"end":{"line":18,"column":27}},"11":{"start":{"line":20,"column":8},"end":{"line":20,"column":34}},"12":{"start":{"line":24,"column":0},"end":{"line":49,"column":2}},"13":{"start":{"line":25,"column":17},"end":{"line":25,"column":29}},"14":{"start":{"line":26,"column":19},"end":{"line":26,"column":33}},"15":{"start":{"line":28,"column":17},"end":{"line":28,"column":44}},"16":{"start":{"line":30,"column":17},"end":{"line":36,"column":6}},"17":{"start":{"line":38,"column":4},"end":{"line":42,"column":5}},"18":{"start":{"line":39,"column":8},"end":{"line":41,"column":10}},"19":{"start":{"line":44,"column":22},"end":{"line":44,"column":39}},"20":{"start":{"line":45,"column":4},"end":{"line":45,"column":49}},"21":{"start":{"line":46,"column":4},"end":{"line":46,"column":21}},"22":{"start":{"line":48,"column":4},"end":{"line":48,"column":28}},"23":{"start":{"line":51,"column":0},"end":{"line":68,"column":2}},"24":{"start":{"line":52,"column":17},"end":{"line":52,"column":29}},"25":{"start":{"line":53,"column":19},"end":{"line":53,"column":33}},"26":{"start":{"line":55,"column":17},"end":{"line":55,"column":44}},"27":{"start":{"line":57,"column":17},"end":{"line":63,"column":5}},"28":{"start":{"line":65,"column":24},"end":{"line":65,"column":92}},"29":{"start":{"line":66,"column":4},"end":{"line":66,"column":30}},"30":{"start":{"line":71,"column":0},"end":{"line":74,"column":2}},"31":{"start":{"line":72,"column":4},"end":{"line":72,"column":51}},"32":{"start":{"line":73,"column":4},"end":{"line":73,"column":30}},"33":{"start":{"line":78,"column":0},"end":{"line":78,"column":28}}},"fnMap":{"0":{"name":"(anonymous_0)","decl":{"start":{"line":10,"column":21},"end":{"line":10,"column":22}},"loc":{"start":{"line":10,"column":50},"end":{"line":13,"column":1}},"line":10},"1":{"name":"(anonymous_1)","decl":{"start":{"line":15,"column":24},"end":{"line":15,"column":25}},"loc":{"start":{"line":15,"column":53},"end":{"line":22,"column":1}},"line":15},"2":{"name":"(anonymous_2)","decl":{"start":{"line":24,"column":38},"end":{"line":24,"column":39}},"loc":{"start":{"line":24,"column":67},"end":{"line":49,"column":1}},"line":24},"3":{"name":"(anonymous_3)","decl":{"start":{"line":51,"column":40},"end":{"line":51,"column":41}},"loc":{"start":{"line":51,"column":69},"end":{"line":68,"column":1}},"line":51},"4":{"name":"(anonymous_4)","decl":{"start":{"line":71,"column":43},"end":{"line":71,"column":44}},"loc":{"start":{"line":71,"column":72},"end":{"line":74,"column":1}},"line":71}},"branchMap":{"0":{"loc":{"start":{"line":17,"column":4},"end":{"line":21,"column":5}},"type":"if","locations":[{"start":{"line":17,"column":4},"end":{"line":21,"column":5}},{"start":{"line":19,"column":11},"end":{"line":21,"column":5}}],"line":17},"1":{"loc":{"start":{"line":34,"column":15},"end":{"line":34,"column":30}},"type":"binary-expr","locations":[{"start":{"line":34,"column":15},"end":{"line":34,"column":25}},{"start":{"line":34,"column":29},"end":{"line":34,"column":30}}],"line":34},"2":{"loc":{"start":{"line":38,"column":4},"end":{"line":42,"column":5}},"type":"if","locations":[{"start":{"line":38,"column":4},"end":{"line":42,"column":5}},{"start":{},"end":{}}],"line":38},"3":{"loc":{"start":{"line":38,"column":8},"end":{"line":38,"column":32}},"type":"binary-expr","locations":[{"start":{"line":38,"column":8},"end":{"line":38,"column":19}},{"start":{"line":38,"column":23},"end":{"line":38,"column":32}}],"line":38},"4":{"loc":{"start":{"line":61,"column":15},"end":{"line":61,"column":30}},"type":"binary-expr","locations":[{"start":{"line":61,"column":15},"end":{"line":61,"column":25}},{"start":{"line":61,"column":29},"end":{"line":61,"column":30}}],"line":61}},"s":{"0":2,"1":2,"2":2,"3":2,"4":2,"5":3,"6":3,"7":2,"8":1,"9":1,"10":1,"11":0,"12":2,"13":3,"14":3,"15":3,"16":3,"17":3,"18":1,"19":2,"20":2,"21":2,"22":2,"23":2,"24":0,"25":0,"26":0,"27":0,"28":0,"29":0,"30":2,"31":1,"32":1,"33":2},"f":{"0":3,"1":1,"2":3,"3":0,"4":1},"b":{"0":[1,0],"1":[3,1],"2":[1,2],"3":[3,2],"4":[0,0]},"_coverageSchema":"1a1c01bbd47fc00a2c39e90264f33305004495a9","hash":"ddac7b1072d30079f22abf55cf66bc80209d292e"}
,"C:\\Users\\Usuario\\Desktop\\fullstack\\fullstackopen-part4\\controllers\\login.js": {"path":"C:\\Users\\Usuario\\Desktop\\fullstack\\fullstackopen-part4\\controllers\\login.js","statementMap":{"0":{"start":{"line":1,"column":12},"end":{"line":1,"column":35}},"1":{"start":{"line":2,"column":15},"end":{"line":2,"column":32}},"2":{"start":{"line":3,"column":20},"end":{"line":3,"column":47}},"3":{"start":{"line":4,"column":13},"end":{"line":4,"column":39}},"4":{"start":{"line":6,"column":0},"end":{"line":31,"column":2}},"5":{"start":{"line":7,"column":17},"end":{"line":7,"column":29}},"6":{"start":{"line":9,"column":17},"end":{"line":9,"column":64}},"7":{"start":{"line":11,"column":28},"end":{"line":13,"column":64}},"8":{"start":{"line":15,"column":4},"end":{"line":19,"column":5}},"9":{"start":{"line":16,"column":8},"end":{"line":18,"column":10}},"10":{"start":{"line":21,"column":25},"end":{"line":24,"column":5}},"11":{"start":{"line":26,"column":18},"end":{"line":26,"column":60}},"12":{"start":{"line":28,"column":4},"end":{"line":30,"column":66}},"13":{"start":{"line":33,"column":0},"end":{"line":33,"column":28}}},"fnMap":{"0":{"name":"(anonymous_0)","decl":{"start":{"line":6,"column":22},"end":{"line":6,"column":23}},"loc":{"start":{"line":6,"column":51},"end":{"line":31,"column":1}},"line":6}},"branchMap":{"0":{"loc":{"start":{"line":11,"column":28},"end":{"line":13,"column":64}},"type":"cond-expr","locations":[{"start":{"line":12,"column":10},"end":{"line":12,"column":15}},{"start":{"line":13,"column":10},"end":{"line":13,"column":64}}],"line":11},"1":{"loc":{"start":{"line":15,"column":4},"end":{"line":19,"column":5}},"type":"if","locations":[{"start":{"line":15,"column":4},"end":{"line":19,"column":5}},{"start":{},"end":{}}],"line":15},"2":{"loc":{"start":{"line":15,"column":10},"end":{"line":15,"column":33}},"type":"binary-expr","locations":[{"start":{"line":15,"column":10},"end":{"line":15,"column":14}},{"start":{"line":15,"column":18},"end":{"line":15,"column":33}}],"line":15}},"s":{"0":2,"1":2,"2":2,"3":2,"4":2,"5":9,"6":9,"7":9,"8":9,"9":0,"10":9,"11":9,"12":9,"13":2},"f":{"0":9},"b":{"0":[0,9],"1":[0,9],"2":[9,9]},"_coverageSchema":"1a1c01bbd47fc00a2c39e90264f33305004495a9","hash":"7a90b036e1d2e1c9a706f2c6553529aea74453a6"}
,"C:\\Users\\Usuario\\Desktop\\fullstack\\fullstackopen-part4\\controllers\\users.js": {"path":"C:\\Users\\Usuario\\Desktop\\fullstack\\fullstackopen-part4\\controllers\\users.js","statementMap":{"0":{"start":{"line":1,"column":15},"end":{"line":1,"column":32}},"1":{"start":{"line":2,"column":20},"end":{"line":2,"column":47}},"2":{"start":{"line":3,"column":13},"end":{"line":3,"column":39}},"3":{"start":{"line":6,"column":0},"end":{"line":9,"column":2}},"4":{"start":{"line":7,"column":18},"end":{"line":7,"column":88}},"5":{"start":{"line":8,"column":4},"end":{"line":8,"column":24}},"6":{"start":{"line":12,"column":0},"end":{"line":33,"column":2}},"7":{"start":{"line":13,"column":17},"end":{"line":13,"column":29}},"8":{"start":{"line":15,"column":4},"end":{"line":19,"column":5}},"9":{"start":{"line":16,"column":8},"end":{"line":18,"column":10}},"10":{"start":{"line":21,"column":23},"end":{"line":21,"column":25}},"11":{"start":{"line":22,"column":25},"end":{"line":22,"column":69}},"12":{"start":{"line":24,"column":17},"end":{"line":28,"column":6}},"13":{"start":{"line":30,"column":22},"end":{"line":30,"column":39}},"14":{"start":{"line":32,"column":4},"end":{"line":32,"column":28}},"15":{"start":{"line":35,"column":0},"end":{"line":35,"column":28}}},"fnMap":{"0":{"name":"(anonymous_0)","decl":{"start":{"line":6,"column":21},"end":{"line":6,"column":22}},"loc":{"start":{"line":6,"column":50},"end":{"line":9,"column":1}},"line":6},"1":{"name":"(anonymous_1)","decl":{"start":{"line":12,"column":22},"end":{"line":12,"column":23}},"loc":{"start":{"line":12,"column":51},"end":{"line":33,"column":1}},"line":12}},"branchMap":{"0":{"loc":{"start":{"line":15,"column":4},"end":{"line":19,"column":5}},"type":"if","locations":[{"start":{"line":15,"column":4},"end":{"line":19,"column":5}},{"start":{},"end":{}}],"line":15}},"s":{"0":2,"1":2,"2":2,"3":2,"4":0,"5":0,"6":2,"7":4,"8":4,"9":1,"10":3,"11":3,"12":3,"13":3,"14":1,"15":2},"f":{"0":0,"1":4},"b":{"0":[1,3]},"_coverageSchema":"1a1c01bbd47fc00a2c39e90264f33305004495a9","hash":"b39056e9f2bfa1f903a1189fcf2e2a9fd81ac690"}
,"C:\\Users\\Usuario\\Desktop\\fullstack\\fullstackopen-part4\\models\\blogs.js": {"path":"C:\\Users\\Usuario\\Desktop\\fullstack\\fullstackopen-part4\\models\\blogs.js","statementMap":{"0":{"start":{"line":1,"column":17},"end":{"line":1,"column":36}},"1":{"start":{"line":3,"column":19},"end":{"line":14,"column":2}},"2":{"start":{"line":16,"column":0},"end":{"line":22,"column":2}},"3":{"start":{"line":18,"column":8},"end":{"line":18,"column":57}},"4":{"start":{"line":19,"column":8},"end":{"line":19,"column":33}},"5":{"start":{"line":20,"column":8},"end":{"line":20,"column":33}},"6":{"start":{"line":26,"column":0},"end":{"line":26,"column":51}}},"fnMap":{"0":{"name":"(anonymous_0)","decl":{"start":{"line":17,"column":15},"end":{"line":17,"column":16}},"loc":{"start":{"line":17,"column":45},"end":{"line":21,"column":5}},"line":17}},"branchMap":{},"s":{"0":3,"1":3,"2":3,"3":21,"4":21,"5":21,"6":3},"f":{"0":21},"b":{},"_coverageSchema":"1a1c01bbd47fc00a2c39e90264f33305004495a9","hash":"12f11bd10e846ef3c40246d375cca35411979c38"}
,"C:\\Users\\Usuario\\Desktop\\fullstack\\fullstackopen-part4\\models\\users.js": {"path":"C:\\Users\\Usuario\\Desktop\\fullstack\\fullstackopen-part4\\models\\users.js","statementMap":{"0":{"start":{"line":1,"column":17},"end":{"line":1,"column":36}},"1":{"start":{"line":2,"column":24},"end":{"line":2,"column":60}},"2":{"start":{"line":4,"column":19},"end":{"line":26,"column":2}},"3":{"start":{"line":28,"column":0},"end":{"line":28,"column":34}},"4":{"start":{"line":30,"column":0},"end":{"line":38,"column":2}},"5":{"start":{"line":32,"column":8},"end":{"line":32,"column":57}},"6":{"start":{"line":33,"column":8},"end":{"line":33,"column":33}},"7":{"start":{"line":34,"column":8},"end":{"line":34,"column":33}},"8":{"start":{"line":36,"column":8},"end":{"line":36,"column":42}},"9":{"start":{"line":40,"column":13},"end":{"line":40,"column":47}},"10":{"start":{"line":41,"column":0},"end":{"line":41,"column":21}}},"fnMap":{"0":{"name":"(anonymous_0)","decl":{"start":{"line":31,"column":15},"end":{"line":31,"column":16}},"loc":{"start":{"line":31,"column":45},"end":{"line":37,"column":5}},"line":31}},"branchMap":{},"s":{"0":2,"1":2,"2":2,"3":2,"4":2,"5":10,"6":10,"7":10,"8":10,"9":2,"10":2},"f":{"0":10},"b":{},"_coverageSchema":"1a1c01bbd47fc00a2c39e90264f33305004495a9","hash":"fd8becf3a9ad9f78efc2a002dfffee0561ca102c"}
,"C:\\Users\\Usuario\\Desktop\\fullstack\\fullstackopen-part4\\tests\\blogs.js": {"path":"C:\\Users\\Usuario\\Desktop\\fullstack\\fullstackopen-part4\\tests\\blogs.js","statementMap":{"0":{"start":{"line":2,"column":14},"end":{"line":51,"column":1}},"1":{"start":{"line":52,"column":0},"end":{"line":52,"column":22}}},"fnMap":{},"branchMap":{},"s":{"0":1,"1":1},"f":{},"b":{},"_coverageSchema":"1a1c01bbd47fc00a2c39e90264f33305004495a9","hash":"fc46f77f131924c92216ca4dd1c5be6a1f760ac8"}
,"C:\\Users\\Usuario\\Desktop\\fullstack\\fullstackopen-part4\\tests\\test_helper.js": {"path":"C:\\Users\\Usuario\\Desktop\\fullstack\\fullstackopen-part4\\tests\\test_helper.js","statementMap":{"0":{"start":{"line":1,"column":13},"end":{"line":1,"column":39}},"1":{"start":{"line":2,"column":13},"end":{"line":2,"column":39}},"2":{"start":{"line":4,"column":21},"end":{"line":17,"column":1}},"3":{"start":{"line":19,"column":22},"end":{"line":25,"column":1}},"4":{"start":{"line":20,"column":17},"end":{"line":20,"column":112}},"5":{"start":{"line":21,"column":4},"end":{"line":21,"column":21}},"6":{"start":{"line":22,"column":4},"end":{"line":22,"column":23}},"7":{"start":{"line":24,"column":4},"end":{"line":24,"column":30}},"8":{"start":{"line":27,"column":18},"end":{"line":30,"column":1}},"9":{"start":{"line":28,"column":18},"end":{"line":28,"column":37}},"10":{"start":{"line":29,"column":4},"end":{"line":29,"column":43}},"11":{"start":{"line":29,"column":29},"end":{"line":29,"column":42}},"12":{"start":{"line":32,"column":18},"end":{"line":35,"column":1}},"13":{"start":{"line":33,"column":18},"end":{"line":33,"column":37}},"14":{"start":{"line":34,"column":4},"end":{"line":34,"column":43}},"15":{"start":{"line":34,"column":29},"end":{"line":34,"column":42}},"16":{"start":{"line":37,"column":0},"end":{"line":42,"column":1}}},"fnMap":{"0":{"name":"(anonymous_0)","decl":{"start":{"line":19,"column":22},"end":{"line":19,"column":23}},"loc":{"start":{"line":19,"column":34},"end":{"line":25,"column":1}},"line":19},"1":{"name":"(anonymous_1)","decl":{"start":{"line":27,"column":18},"end":{"line":27,"column":19}},"loc":{"start":{"line":27,"column":30},"end":{"line":30,"column":1}},"line":27},"2":{"name":"(anonymous_2)","decl":{"start":{"line":29,"column":21},"end":{"line":29,"column":22}},"loc":{"start":{"line":29,"column":29},"end":{"line":29,"column":42}},"line":29},"3":{"name":"(anonymous_3)","decl":{"start":{"line":32,"column":18},"end":{"line":32,"column":19}},"loc":{"start":{"line":32,"column":30},"end":{"line":35,"column":1}},"line":32},"4":{"name":"(anonymous_4)","decl":{"start":{"line":34,"column":21},"end":{"line":34,"column":22}},"loc":{"start":{"line":34,"column":29},"end":{"line":34,"column":42}},"line":34}},"branchMap":{},"s":{"0":2,"1":2,"2":2,"3":2,"4":0,"5":0,"6":0,"7":0,"8":2,"9":6,"10":6,"11":12,"12":2,"13":8,"14":8,"15":9,"16":2},"f":{"0":0,"1":6,"2":12,"3":8,"4":9},"b":{},"_coverageSchema":"1a1c01bbd47fc00a2c39e90264f33305004495a9","hash":"88312cb76d4fbe38d0f6159c7977dc453cbbb8f6"}
,"C:\\Users\\Usuario\\Desktop\\fullstack\\fullstackopen-part4\\utils\\config.js": {"path":"C:\\Users\\Usuario\\Desktop\\fullstack\\fullstackopen-part4\\utils\\config.js","statementMap":{"0":{"start":{"line":1,"column":0},"end":{"line":1,"column":26}},"1":{"start":{"line":3,"column":13},"end":{"line":3,"column":29}},"2":{"start":{"line":4,"column":18},"end":{"line":4,"column":41}},"3":{"start":{"line":6,"column":0},"end":{"line":8,"column":1}},"4":{"start":{"line":7,"column":4},"end":{"line":7,"column":46}},"5":{"start":{"line":10,"column":0},"end":{"line":13,"column":1}}},"fnMap":{},"branchMap":{"0":{"loc":{"start":{"line":6,"column":0},"end":{"line":8,"column":1}},"type":"if","locations":[{"start":{"line":6,"column":0},"end":{"line":8,"column":1}},{"start":{},"end":{}}],"line":6}},"s":{"0":2,"1":2,"2":2,"3":2,"4":2,"5":2},"f":{},"b":{"0":[2,0]},"_coverageSchema":"1a1c01bbd47fc00a2c39e90264f33305004495a9","hash":"87d8aa85064bed965d3829e08768280da3c71301"}
,"C:\\Users\\Usuario\\Desktop\\fullstack\\fullstackopen-part4\\utils\\list_helper.js": {"path":"C:\\Users\\Usuario\\Desktop\\fullstack\\fullstackopen-part4\\utils\\list_helper.js","statementMap":{"0":{"start":{"line":1,"column":14},"end":{"line":4,"column":1}},"1":{"start":{"line":2,"column":4},"end":{"line":2,"column":9}},"2":{"start":{"line":3,"column":4},"end":{"line":3,"column":12}},"3":{"start":{"line":6,"column":19},"end":{"line":8,"column":1}},"4":{"start":{"line":7,"column":4},"end":{"line":7,"column":59}},"5":{"start":{"line":7,"column":39},"end":{"line":7,"column":55}},"6":{"start":{"line":10,"column":21},"end":{"line":12,"column":1}},"7":{"start":{"line":11,"column":4},"end":{"line":11,"column":93}},"8":{"start":{"line":11,"column":32},"end":{"line":11,"column":89}},"9":{"start":{"line":11,"column":77},"end":{"line":11,"column":87}},"10":{"start":{"line":13,"column":0},"end":{"line":17,"column":1}}},"fnMap":{"0":{"name":"(anonymous_0)","decl":{"start":{"line":1,"column":14},"end":{"line":1,"column":15}},"loc":{"start":{"line":1,"column":25},"end":{"line":4,"column":1}},"line":1},"1":{"name":"(anonymous_1)","decl":{"start":{"line":6,"column":19},"end":{"line":6,"column":20}},"loc":{"start":{"line":6,"column":30},"end":{"line":8,"column":1}},"line":6},"2":{"name":"(anonymous_2)","decl":{"start":{"line":7,"column":24},"end":{"line":7,"column":25}},"loc":{"start":{"line":7,"column":39},"end":{"line":7,"column":55}},"line":7},"3":{"name":"(anonymous_3)","decl":{"start":{"line":10,"column":21},"end":{"line":10,"column":22}},"loc":{"start":{"line":10,"column":32},"end":{"line":12,"column":1}},"line":10},"4":{"name":"(anonymous_4)","decl":{"start":{"line":11,"column":24},"end":{"line":11,"column":25}},"loc":{"start":{"line":11,"column":32},"end":{"line":11,"column":89}},"line":11},"5":{"name":"(anonymous_5)","decl":{"start":{"line":11,"column":69},"end":{"line":11,"column":70}},"loc":{"start":{"line":11,"column":77},"end":{"line":11,"column":87}},"line":11}},"branchMap":{},"s":{"0":1,"1":1,"2":1,"3":1,"4":2,"5":6,"6":1,"7":1,"8":6,"9":36,"10":1},"f":{"0":1,"1":2,"2":6,"3":1,"4":6,"5":36},"b":{},"_coverageSchema":"1a1c01bbd47fc00a2c39e90264f33305004495a9","hash":"acaf7819ff538e9363c6f4c182a39645da2eafa7"}
,"C:\\Users\\Usuario\\Desktop\\fullstack\\fullstackopen-part4\\utils\\logger.js": {"path":"C:\\Users\\Usuario\\Desktop\\fullstack\\fullstackopen-part4\\utils\\logger.js","statementMap":{"0":{"start":{"line":1,"column":13},"end":{"line":5,"column":1}},"1":{"start":{"line":2,"column":4},"end":{"line":4,"column":5}},"2":{"start":{"line":3,"column":8},"end":{"line":3,"column":30}},"3":{"start":{"line":7,"column":14},"end":{"line":9,"column":1}},"4":{"start":{"line":8,"column":4},"end":{"line":8,"column":28}},"5":{"start":{"line":11,"column":0},"end":{"line":14,"column":1}}},"fnMap":{"0":{"name":"(anonymous_0)","decl":{"start":{"line":1,"column":13},"end":{"line":1,"column":14}},"loc":{"start":{"line":1,"column":28},"end":{"line":5,"column":1}},"line":1},"1":{"name":"(anonymous_1)","decl":{"start":{"line":7,"column":14},"end":{"line":7,"column":15}},"loc":{"start":{"line":7,"column":29},"end":{"line":9,"column":1}},"line":7}},"branchMap":{"0":{"loc":{"start":{"line":2,"column":4},"end":{"line":4,"column":5}},"type":"if","locations":[{"start":{"line":2,"column":4},"end":{"line":4,"column":5}},{"start":{},"end":{}}],"line":2}},"s":{"0":2,"1":86,"2":0,"3":2,"4":2,"5":2},"f":{"0":86,"1":2},"b":{"0":[0,86]},"_coverageSchema":"1a1c01bbd47fc00a2c39e90264f33305004495a9","hash":"216b61758c667120f5f76a1e5af8cc7469c85f8e"}
,"C:\\Users\\Usuario\\Desktop\\fullstack\\fullstackopen-part4\\utils\\middleware.js": {"path":"C:\\Users\\Usuario\\Desktop\\fullstack\\fullstackopen-part4\\utils\\middleware.js","statementMap":{"0":{"start":{"line":1,"column":15},"end":{"line":1,"column":34}},"1":{"start":{"line":2,"column":12},"end":{"line":2,"column":35}},"2":{"start":{"line":4,"column":22},"end":{"line":10,"column":1}},"3":{"start":{"line":5,"column":4},"end":{"line":5,"column":42}},"4":{"start":{"line":6,"column":4},"end":{"line":6,"column":40}},"5":{"start":{"line":7,"column":4},"end":{"line":7,"column":40}},"6":{"start":{"line":8,"column":4},"end":{"line":8,"column":22}},"7":{"start":{"line":9,"column":4},"end":{"line":9,"column":10}},"8":{"start":{"line":12,"column":24},"end":{"line":14,"column":1}},"9":{"start":{"line":13,"column":4},"end":{"line":13,"column":60}},"10":{"start":{"line":16,"column":21},"end":{"line":29,"column":1}},"11":{"start":{"line":17,"column":4},"end":{"line":17,"column":31}},"12":{"start":{"line":19,"column":4},"end":{"line":27,"column":5}},"13":{"start":{"line":20,"column":8},"end":{"line":20,"column":70}},"14":{"start":{"line":21,"column":11},"end":{"line":27,"column":5}},"15":{"start":{"line":22,"column":8},"end":{"line":22,"column":66}},"16":{"start":{"line":23,"column":11},"end":{"line":27,"column":5}},"17":{"start":{"line":24,"column":8},"end":{"line":26,"column":10}},"18":{"start":{"line":28,"column":4},"end":{"line":28,"column":15}},"19":{"start":{"line":31,"column":23},"end":{"line":48,"column":1}},"20":{"start":{"line":32,"column":25},"end":{"line":38,"column":5}},"21":{"start":{"line":33,"column":30},"end":{"line":33,"column":58}},"22":{"start":{"line":34,"column":8},"end":{"line":36,"column":9}},"23":{"start":{"line":35,"column":12},"end":{"line":35,"column":45}},"24":{"start":{"line":37,"column":8},"end":{"line":37,"column":19}},"25":{"start":{"line":39,"column":18},"end":{"line":39,"column":39}},"26":{"start":{"line":40,"column":25},"end":{"line":40,"column":62}},"27":{"start":{"line":41,"column":4},"end":{"line":43,"column":5}},"28":{"start":{"line":42,"column":8},"end":{"line":42,"column":79}},"29":{"start":{"line":44,"column":27},"end":{"line":44,"column":39}},"30":{"start":{"line":45,"column":4},"end":{"line":45,"column":27}},"31":{"start":{"line":47,"column":4},"end":{"line":47,"column":10}},"32":{"start":{"line":50,"column":0},"end":{"line":55,"column":1}}},"fnMap":{"0":{"name":"(anonymous_0)","decl":{"start":{"line":4,"column":22},"end":{"line":4,"column":23}},"loc":{"start":{"line":4,"column":51},"end":{"line":10,"column":1}},"line":4},"1":{"name":"(anonymous_1)","decl":{"start":{"line":12,"column":24},"end":{"line":12,"column":25}},"loc":{"start":{"line":12,"column":47},"end":{"line":14,"column":1}},"line":12},"2":{"name":"(anonymous_2)","decl":{"start":{"line":16,"column":21},"end":{"line":16,"column":22}},"loc":{"start":{"line":16,"column":57},"end":{"line":29,"column":1}},"line":16},"3":{"name":"(anonymous_3)","decl":{"start":{"line":31,"column":23},"end":{"line":31,"column":24}},"loc":{"start":{"line":31,"column":52},"end":{"line":48,"column":1}},"line":31},"4":{"name":"(anonymous_4)","decl":{"start":{"line":32,"column":25},"end":{"line":32,"column":26}},"loc":{"start":{"line":32,"column":36},"end":{"line":38,"column":5}},"line":32}},"branchMap":{"0":{"loc":{"start":{"line":19,"column":4},"end":{"line":27,"column":5}},"type":"if","locations":[{"start":{"line":19,"column":4},"end":{"line":27,"column":5}},{"start":{"line":21,"column":11},"end":{"line":27,"column":5}}],"line":19},"1":{"loc":{"start":{"line":21,"column":11},"end":{"line":27,"column":5}},"type":"if","locations":[{"start":{"line":21,"column":11},"end":{"line":27,"column":5}},{"start":{"line":23,"column":11},"end":{"line":27,"column":5}}],"line":21},"2":{"loc":{"start":{"line":23,"column":11},"end":{"line":27,"column":5}},"type":"if","locations":[{"start":{"line":23,"column":11},"end":{"line":27,"column":5}},{"start":{},"end":{}}],"line":23},"3":{"loc":{"start":{"line":34,"column":8},"end":{"line":36,"column":9}},"type":"if","locations":[{"start":{"line":34,"column":8},"end":{"line":36,"column":9}},{"start":{},"end":{}}],"line":34},"4":{"loc":{"start":{"line":34,"column":12},"end":{"line":34,"column":78}},"type":"binary-expr","locations":[{"start":{"line":34,"column":12},"end":{"line":34,"column":25}},{"start":{"line":34,"column":29},"end":{"line":34,"column":78}}],"line":34},"5":{"loc":{"start":{"line":41,"column":4},"end":{"line":43,"column":5}},"type":"if","locations":[{"start":{"line":41,"column":4},"end":{"line":43,"column":5}},{"start":{},"end":{}}],"line":41},"6":{"loc":{"start":{"line":41,"column":8},"end":{"line":41,"column":34}},"type":"binary-expr","locations":[{"start":{"line":41,"column":8},"end":{"line":41,"column":14}},{"start":{"line":41,"column":18},"end":{"line":41,"column":34}}],"line":41}},"s":{"0":2,"1":2,"2":2,"3":21,"4":21,"5":21,"6":21,"7":21,"8":2,"9":0,"10":2,"11":2,"12":2,"13":0,"14":2,"15":2,"16":0,"17":0,"18":0,"19":2,"20":4,"21":4,"22":4,"23":4,"24":0,"25":4,"26":4,"27":4,"28":0,"29":4,"30":4,"31":4,"32":2},"f":{"0":21,"1":0,"2":2,"3":4,"4":4},"b":{"0":[0,2],"1":[2,0],"2":[0,0],"3":[4,0],"4":[4,4],"5":[0,4],"6":[4,4]},"_coverageSchema":"1a1c01bbd47fc00a2c39e90264f33305004495a9","hash":"b0375f603bb7f5d4c91c10548a049f2038c54f84"}
}
