TN:
SF:app.js
FN:15,(anonymous_0)
FN:18,(anonymous_1)
FNF:2
FNH:1
FNDA:2,(anonymous_0)
FNDA:0,(anonymous_1)
DA:1,2
DA:2,2
DA:3,2
DA:4,2
DA:5,2
DA:6,2
DA:7,2
DA:8,2
DA:9,2
DA:10,2
DA:11,2
DA:14,2
DA:16,2
DA:19,0
DA:22,2
DA:23,2
DA:24,2
DA:25,2
DA:27,2
DA:28,2
DA:29,2
DA:31,2
DA:32,2
DA:34,2
LF:24
LH:23
BRF:0
BRH:0
end_of_record
TN:
SF:controllers\blogs.js
FN:10,(anonymous_0)
FN:15,(anonymous_1)
FN:24,(anonymous_2)
FN:51,(anonymous_3)
FN:71,(anonymous_4)
FNF:5
FNH:4
FNDA:3,(anonymous_0)
FNDA:1,(anonymous_1)
FNDA:3,(anonymous_2)
FNDA:0,(anonymous_3)
FNDA:1,(anonymous_4)
DA:1,2
DA:2,2
DA:4,2
DA:5,2
DA:10,2
DA:11,3
DA:12,3
DA:15,2
DA:16,1
DA:17,1
DA:18,1
DA:20,0
DA:24,2
DA:25,3
DA:26,3
DA:28,3
DA:30,3
DA:38,3
DA:39,1
DA:44,2
DA:45,2
DA:46,2
DA:48,2
DA:51,2
DA:52,0
DA:53,0
DA:55,0
DA:57,0
DA:65,0
DA:66,0
DA:71,2
DA:72,1
DA:73,1
DA:78,2
LF:34
LH:27
BRDA:17,0,0,1
BRDA:17,0,1,0
BRDA:34,1,0,3
BRDA:34,1,1,1
BRDA:38,2,0,1
BRDA:38,2,1,2
BRDA:38,3,0,3
BRDA:38,3,1,2
BRDA:61,4,0,0
BRDA:61,4,1,0
BRF:10
BRH:7
end_of_record
TN:
SF:controllers\login.js
FN:6,(anonymous_0)
FNF:1
FNH:1
FNDA:9,(anonymous_0)
DA:1,2
DA:2,2
DA:3,2
DA:4,2
DA:6,2
DA:7,9
DA:9,9
DA:11,9
DA:15,9
DA:16,0
DA:21,9
DA:26,9
DA:28,9
DA:33,2
LF:14
LH:13
BRDA:11,0,0,0
BRDA:11,0,1,9
BRDA:15,1,0,0
BRDA:15,1,1,9
BRDA:15,2,0,9
BRDA:15,2,1,9
BRF:6
BRH:4
end_of_record
TN:
SF:controllers\users.js
FN:6,(anonymous_0)
FN:12,(anonymous_1)
FNF:2
FNH:1
FNDA:0,(anonymous_0)
FNDA:4,(anonymous_1)
DA:1,2
DA:2,2
DA:3,2
DA:6,2
DA:7,0
DA:8,0
DA:12,2
DA:13,4
DA:15,4
DA:16,1
DA:21,3
DA:22,3
DA:24,3
DA:30,3
DA:32,1
DA:35,2
LF:16
LH:14
BRDA:15,0,0,1
BRDA:15,0,1,3
BRF:2
BRH:2
end_of_record
TN:
SF:models\blogs.js
FN:17,(anonymous_0)
FNF:1
FNH:1
FNDA:21,(anonymous_0)
DA:1,3
DA:3,3
DA:16,3
DA:18,21
DA:19,21
DA:20,21
DA:26,3
LF:7
LH:7
BRF:0
BRH:0
end_of_record
TN:
SF:models\users.js
FN:31,(anonymous_0)
FNF:1
FNH:1
FNDA:10,(anonymous_0)
DA:1,2
DA:2,2
DA:4,2
DA:28,2
DA:30,2
DA:32,10
DA:33,10
DA:34,10
DA:36,10
DA:40,2
DA:41,2
LF:11
LH:11
BRF:0
BRH:0
end_of_record
TN:
SF:tests\blogs.js
FNF:0
FNH:0
DA:2,1
DA:52,1
LF:2
LH:2
BRF:0
BRH:0
end_of_record
TN:
SF:tests\test_helper.js
FN:19,(anonymous_0)
FN:27,(anonymous_1)
FN:29,(anonymous_2)
FN:32,(anonymous_3)
FN:34,(anonymous_4)
FNF:5
FNH:4
FNDA:0,(anonymous_0)
FNDA:6,(anonymous_1)
FNDA:12,(anonymous_2)
FNDA:8,(anonymous_3)
FNDA:9,(anonymous_4)
DA:1,2
DA:2,2
DA:4,2
DA:19,2
DA:20,0
DA:21,0
DA:22,0
DA:24,0
DA:27,2
DA:28,6
DA:29,12
DA:32,2
DA:33,8
DA:34,9
DA:37,2
LF:15
LH:11
BRF:0
BRH:0
end_of_record
TN:
SF:utils\config.js
FNF:0
FNH:0
DA:1,2
DA:3,2
DA:4,2
DA:6,2
DA:7,2
DA:10,2
LF:6
LH:6
BRDA:6,0,0,2
BRDA:6,0,1,0
BRF:2
BRH:1
end_of_record
TN:
SF:utils\list_helper.js
FN:1,(anonymous_0)
FN:6,(anonymous_1)
FN:7,(anonymous_2)
FN:10,(anonymous_3)
FN:11,(anonymous_4)
FN:11,(anonymous_5)
FNF:6
FNH:6
FNDA:1,(anonymous_0)
FNDA:2,(anonymous_1)
FNDA:6,(anonymous_2)
FNDA:1,(anonymous_3)
FNDA:6,(anonymous_4)
FNDA:36,(anonymous_5)
DA:1,1
DA:2,1
DA:3,1
DA:6,1
DA:7,6
DA:10,1
DA:11,36
DA:13,1
LF:8
LH:8
BRF:0
BRH:0
end_of_record
TN:
SF:utils\logger.js
FN:1,(anonymous_0)
FN:7,(anonymous_1)
FNF:2
FNH:2
FNDA:86,(anonymous_0)
FNDA:2,(anonymous_1)
DA:1,2
DA:2,86
DA:3,0
DA:7,2
DA:8,2
DA:11,2
LF:6
LH:5
BRDA:2,0,0,0
BRDA:2,0,1,86
BRF:2
BRH:1
end_of_record
TN:
SF:utils\middleware.js
FN:4,(anonymous_0)
FN:12,(anonymous_1)
FN:16,(anonymous_2)
FN:31,(anonymous_3)
FN:32,(anonymous_4)
FNF:5
FNH:4
FNDA:21,(anonymous_0)
FNDA:0,(anonymous_1)
FNDA:2,(anonymous_2)
FNDA:4,(anonymous_3)
FNDA:4,(anonymous_4)
DA:1,2
DA:2,2
DA:4,2
DA:5,21
DA:6,21
DA:7,21
DA:8,21
DA:9,21
DA:12,2
DA:13,0
DA:16,2
DA:17,2
DA:19,2
DA:20,0
DA:21,2
DA:22,2
DA:23,0
DA:24,0
DA:28,0
DA:31,2
DA:32,4
DA:33,4
DA:34,4
DA:35,4
DA:37,0
DA:39,4
DA:40,4
DA:41,4
DA:42,0
DA:44,4
DA:45,4
DA:47,4
DA:50,2
LF:33
LH:26
BRDA:19,0,0,0
BRDA:19,0,1,2
BRDA:21,1,0,2
BRDA:21,1,1,0
BRDA:23,2,0,0
BRDA:23,2,1,0
BRDA:34,3,0,4
BRDA:34,3,1,0
BRDA:34,4,0,4
BRDA:34,4,1,4
BRDA:41,5,0,0
BRDA:41,5,1,4
BRDA:41,6,0,4
BRDA:41,6,1,4
BRF:14
BRH:8
end_of_record
